[19:28:52] [ERROR] [FabricLoader/]: Uncaught exception in thread "main"
java.lang.RuntimeException: An exception occurred when launching the server!
	at net.fabricmc.loader.impl.launch.server.FabricServerLauncher.main(FabricServerLauncher.java:71)
	at net.fabricmc.installer.ServerLauncher.main(ServerLauncher.java:69)
	Suppressed: java.lang.UnsatisfiedLinkError: Can't load library: /usr/lib/jvm/java-11-openjdk-amd64/lib/libawt_xawt.so
		at java.base/java.lang.ClassLoader.loadLibrary(ClassLoader.java:2638)
		at java.base/java.lang.Runtime.load0(Runtime.java:768)
		at java.base/java.lang.System.load(System.java:1854)
		at java.base/java.lang.ClassLoader$NativeLibrary.load0(Native Method)
		at java.base/java.lang.ClassLoader$NativeLibrary.load(ClassLoader.java:2450)
		at java.base/java.lang.ClassLoader$NativeLibrary.loadLibrary(ClassLoader.java:2506)
		at java.base/java.lang.ClassLoader.loadLibrary0(ClassLoader.java:2705)
		at java.base/java.lang.ClassLoader.loadLibrary(ClassLoader.java:2656)
		at java.base/java.lang.Runtime.loadLibrary0(Runtime.java:830)
		at java.base/java.lang.System.loadLibrary(System.java:1890)
		at java.desktop/java.awt.Toolkit$3.run(Toolkit.java:1395)
		at java.desktop/java.awt.Toolkit$3.run(Toolkit.java:1393)
		at java.base/java.security.AccessController.doPrivileged(Native Method)
		at java.desktop/java.awt.Toolkit.loadLibraries(Toolkit.java:1392)
		at java.desktop/java.awt.Toolkit.<clinit>(Toolkit.java:1425)
		at java.desktop/javax.swing.UIManager.getSystemLookAndFeelClassName(UIManager.java:661)
		at net.fabricmc.loader.impl.gui.FabricMainWindow.open(FabricMainWindow.java:87)
		at net.fabricmc.loader.impl.gui.FabricGuiEntry.open(FabricGuiEntry.java:51)
		at net.fabricmc.loader.impl.gui.FabricGuiEntry.displayError(FabricGuiEntry.java:141)
		at net.fabricmc.loader.impl.gui.FabricGuiEntry.displayError(FabricGuiEntry.java:108)
		at net.fabricmc.loader.impl.launch.FabricLauncherBase$1.uncaughtException(FabricLauncherBase.java:108)
		at java.base/java.lang.ThreadGroup.uncaughtException(ThreadGroup.java:1055)
		at java.base/java.lang.ThreadGroup.uncaughtException(ThreadGroup.java:1050)
		at java.base/java.lang.Thread.dispatchUncaughtException(Thread.java:1997)
Caused by: java.lang.RuntimeException: Error invoking MC server bundler: java.lang.UnsupportedClassVersionError: net/minecraft/bundler/Main has been compiled by a more recent version of the Java Runtime (class file version 65.0), this version of the Java Runtime only recognizes class file versions up to 55.0
	at net.fabricmc.loader.impl.game.minecraft.BundlerProcessor.process(BundlerProcessor.java:102)
	at net.fabricmc.loader.impl.game.minecraft.MinecraftGameProvider.locateGame(MinecraftGameProvider.java:192)
	at net.fabricmc.loader.impl.launch.knot.Knot.createGameProvider(Knot.java:175)
	at net.fabricmc.loader.impl.launch.knot.Knot.init(Knot.java:130)
	at net.fabricmc.loader.impl.launch.knot.Knot.launch(Knot.java:68)
	at net.fabricmc.loader.impl.launch.knot.KnotServer.main(KnotServer.java:23)
	at net.fabricmc.loader.impl.launch.server.FabricServerLauncher.main(FabricServerLauncher.java:69)
	... 1 more
Caused by: java.lang.UnsupportedClassVersionError: net/minecraft/bundler/Main has been compiled by a more recent version of the Java Runtime (class file version 65.0), this version of the Java Runtime only recognizes class file versions up to 55.0
	at java.base/java.lang.ClassLoader.defineClass1(Native Method)
	at java.base/java.lang.ClassLoader.defineClass(ClassLoader.java:1022)
	at java.base/java.lang.ClassLoader.defineClass(ClassLoader.java:883)
	at net.fabricmc.loader.impl.game.minecraft.BundlerProcessor$1.loadClass(BundlerProcessor.java:65)
	at java.base/java.lang.ClassLoader.loadClass(ClassLoader.java:527)
	at java.base/java.lang.Class.forName0(Native Method)
	at java.base/java.lang.Class.forName(Class.java:398)
	at net.fabricmc.loader.impl.game.minecraft.BundlerProcessor.process(BundlerProcessor.java:85)
	... 7 more
